<?xml version="1.0" encoding="UTF-8"?>
<testng-results ignored="3" total="4" passed="1" failed="0" skipped="0">
  <reporter-output>
  </reporter-output>
  <suite started-at="2023-10-12T17:27:50 IST" name="test" finished-at="2023-10-12T17:28:10 IST" duration-ms="19999">
    <groups>
    </groups>
    <test started-at="2023-10-12T17:27:50 IST" name="HomePageTest" finished-at="2023-10-12T17:28:10 IST" duration-ms="19999">
      <class name="com.redbus.testpages.HomePageTest">
        <test-method is-config="true" signature="InitalizeExtentReport()[pri:0, instance:com.redbus.testpages.HomePageTest@53ce1329]" started-at="2023-10-12T17:27:49 IST" name="InitalizeExtentReport" finished-at="2023-10-12T17:27:50 IST" duration-ms="542" status="PASS">
          <reporter-output>
          </reporter-output>
        </test-method> <!-- InitalizeExtentReport -->
        <test-method is-config="true" signature="getnameMethod(org.testng.ITestContext)[pri:0, instance:com.redbus.testpages.HomePageTest@53ce1329]" started-at="2023-10-12T17:27:50 IST" name="getnameMethod" finished-at="2023-10-12T17:27:50 IST" duration-ms="26" status="PASS">
          <params>
            <param index="0">
              <value>
                <![CDATA[org.testng.TestRunner@3d1f558a]]>
              </value>
            </param>
          </params>
          <reporter-output>
          </reporter-output>
        </test-method> <!-- getnameMethod -->
        <test-method is-config="true" signature="test()[pri:0, instance:com.redbus.testpages.HomePageTest@53ce1329]" started-at="2023-10-12T17:27:50 IST" name="test" finished-at="2023-10-12T17:27:54 IST" depends-on-methods="com.redbus.base.BaseTest.getnameMethod" duration-ms="4349" status="PASS">
          <reporter-output>
          </reporter-output>
        </test-method> <!-- test -->
        <test-method signature="Home_Page_Test()[pri:0, instance:com.redbus.testpages.HomePageTest@53ce1329]" started-at="2023-10-12T17:27:54 IST" name="Home_Page_Test" finished-at="2023-10-12T17:28:10 IST" duration-ms="15514" status="PASS">
          <reporter-output>
          </reporter-output>
        </test-method> <!-- Home_Page_Test -->
        <test-method is-config="true" signature="generateTestStatus(java.lang.reflect.Method,org.testng.ITestResult)[pri:0, instance:com.redbus.testpages.HomePageTest@53ce1329]" started-at="2023-10-12T17:28:10 IST" name="generateTestStatus" finished-at="2023-10-12T17:28:10 IST" duration-ms="11" status="PASS">
          <params>
            <param index="0">
              <value>
                <![CDATA[public void com.redbus.testpages.HomePageTest.Home_Page_Test() throws java.lang.InterruptedException]]>
              </value>
            </param>
            <param index="1">
              <value>
                <![CDATA[[TestResult name=Home_Page_Test status=SUCCESS method=HomePageTest.Home_Page_Test()[pri:0, instance:com.redbus.testpages.HomePageTest@53ce1329] output={null}]]]>
              </value>
            </param>
          </params>
          <reporter-output>
          </reporter-output>
        </test-method> <!-- generateTestStatus -->
        <test-method is-config="true" signature="generateReports()[pri:0, instance:com.redbus.testpages.HomePageTest@53ce1329]" started-at="2023-10-12T17:28:10 IST" name="generateReports" finished-at="2023-10-12T17:28:13 IST" duration-ms="3456" status="PASS">
          <reporter-output>
          </reporter-output>
        </test-method> <!-- generateReports -->
      </class> <!-- com.redbus.testpages.HomePageTest -->
    </test> <!-- HomePageTest -->
  </suite> <!-- test -->
</testng-results>
